[2022-06-23T17:20:36.186019+02:00] slim-app.INFO: Users list was viewed. [] {"uid":"e636a4e"}
[2022-06-23T17:23:07.907793+02:00] slim-app.INFO: Users list was viewed. [] {"uid":"8a0c882"}
[2022-06-23T17:24:28.198116+02:00] slim-app.INFO: Ticket list was viewed [] {"uid":"0a45544"}
[2022-06-23T17:26:47.687391+02:00] slim-app.INFO: Ticket list was viewed [] {"uid":"f27fa95"}
[2022-06-23T17:26:48.637831+02:00] slim-app.INFO: Ticket list was viewed [] {"uid":"4161549"}
[2022-06-23T17:26:48.852937+02:00] slim-app.INFO: Ticket list was viewed [] {"uid":"f761e32"}
[2022-06-23T17:26:49.053909+02:00] slim-app.INFO: Ticket list was viewed [] {"uid":"ff348da"}
[2022-06-23T17:26:52.964057+02:00] slim-app.INFO: Users list was viewed. [] {"uid":"68bc769"}
[2022-06-23T17:26:59.854407+02:00] slim-app.INFO: Ticket list was viewed [] {"uid":"d83e800"}
[2022-06-23T17:32:12.621511+02:00] slim-app.INFO: Ticket list was viewed [] {"uid":"19b5ae3"}
[2022-06-23T17:50:20.853706+02:00] slim-app.INFO: Ticket list was viewed [] {"uid":"362c5c6"}
[2022-06-23T17:50:21.908950+02:00] slim-app.INFO: Ticket list was viewed [] {"uid":"8a090ed"}
[2022-06-23T17:52:43.628670+02:00] slim-app.INFO: Ticket list was viewed [] {"uid":"e3c9f67"}
[2022-06-23T17:52:44.646886+02:00] slim-app.INFO: Ticket list was viewed [] {"uid":"0c46abf"}
[2022-06-23T17:57:36.956506+02:00] slim-app.INFO: Ticket list was viewed [] {"uid":"9523d95"}
[2022-06-23T17:58:44.834142+02:00] slim-app.INFO: Ticket list was viewed [] {"uid":"c2f8b42"}
[2022-06-23T17:58:45.814089+02:00] slim-app.INFO: Ticket list was viewed [] {"uid":"4267940"}
[2022-06-23T17:59:05.592186+02:00] slim-app.INFO: Ticket list was viewed [] {"uid":"e5ac167"}
[2022-06-23T17:59:06.330746+02:00] slim-app.INFO: Ticket list was viewed [] {"uid":"f8ae6c6"}
[2022-06-23T17:59:06.690110+02:00] slim-app.INFO: Ticket list was viewed [] {"uid":"2231a13"}
[2022-06-23T17:59:06.950920+02:00] slim-app.INFO: Ticket list was viewed [] {"uid":"ab8e774"}
[2022-06-23T17:59:07.117312+02:00] slim-app.INFO: Ticket list was viewed [] {"uid":"f57bdea"}
[2022-06-23T17:59:07.295769+02:00] slim-app.INFO: Ticket list was viewed [] {"uid":"8825915"}
[2022-06-23T17:59:07.519011+02:00] slim-app.INFO: Ticket list was viewed [] {"uid":"b4cddf7"}
[2022-06-23T17:59:07.710311+02:00] slim-app.INFO: Ticket list was viewed [] {"uid":"52ea1a0"}
[2022-06-23T17:59:07.897608+02:00] slim-app.INFO: Ticket list was viewed [] {"uid":"50fb2b7"}
[2022-06-23T17:59:08.061803+02:00] slim-app.INFO: Ticket list was viewed [] {"uid":"fb64b79"}
[2022-06-23T17:59:08.233575+02:00] slim-app.INFO: Ticket list was viewed [] {"uid":"c16682f"}
[2022-06-23T17:59:08.399220+02:00] slim-app.INFO: Ticket list was viewed [] {"uid":"6a3da3b"}
[2022-06-23T17:59:08.570381+02:00] slim-app.INFO: Ticket list was viewed [] {"uid":"3e9bcb0"}
[2022-06-23T17:59:08.725431+02:00] slim-app.INFO: Ticket list was viewed [] {"uid":"1eba196"}
[2022-06-23T17:59:08.898184+02:00] slim-app.INFO: Ticket list was viewed [] {"uid":"0986941"}
[2022-06-23T12:01:54.126546-04:00] slim-app.INFO: Ticket list was viewed [] {"uid":"a2abcf7"}
[2022-06-23T12:01:55.100853-04:00] slim-app.INFO: Ticket list was viewed [] {"uid":"266a1a0"}
[2022-06-23T12:01:55.875138-04:00] slim-app.INFO: Ticket list was viewed [] {"uid":"52036fe"}
[2022-06-23T12:02:06.142897-04:00] slim-app.INFO: Ticket list was viewed [] {"uid":"af924f7"}
[2022-06-23T12:12:59.216576-04:00] slim-app.INFO: Ticket list was viewed [] {"uid":"ceacbf8"}
[2022-06-23T12:22:19.570821-04:00] slim-app.INFO: Ticket list was viewed [] {"uid":"6d409c6"}
[2022-06-23T12:22:20.329696-04:00] slim-app.INFO: Ticket list was viewed [] {"uid":"925525b"}
[2022-06-23T12:22:21.155031-04:00] slim-app.INFO: Ticket list was viewed [] {"uid":"3692477"}
[2022-06-23T12:22:21.702256-04:00] slim-app.INFO: Ticket list was viewed [] {"uid":"55f3d09"}
[2022-06-23T12:22:21.936815-04:00] slim-app.INFO: Ticket list was viewed [] {"uid":"6403b5f"}
[2022-06-23T12:22:22.171510-04:00] slim-app.INFO: Ticket list was viewed [] {"uid":"19e7091"}
[2022-06-23T12:22:22.467668-04:00] slim-app.INFO: Ticket list was viewed [] {"uid":"6fda72c"}
[2022-06-23T12:22:22.750016-04:00] slim-app.INFO: Ticket list was viewed [] {"uid":"94861d6"}
[2022-06-23T12:22:22.968946-04:00] slim-app.INFO: Ticket list was viewed [] {"uid":"fd4d590"}
[2022-06-23T12:22:23.191170-04:00] slim-app.INFO: Ticket list was viewed [] {"uid":"11bd5f1"}
[2022-06-23T12:22:23.424325-04:00] slim-app.INFO: Ticket list was viewed [] {"uid":"9e2a1eb"}
[2022-06-23T12:22:23.610034-04:00] slim-app.INFO: Ticket list was viewed [] {"uid":"50016a5"}
[2022-06-23T12:22:23.812655-04:00] slim-app.INFO: Ticket list was viewed [] {"uid":"5e238ac"}
[2022-06-23T12:22:23.975300-04:00] slim-app.INFO: Ticket list was viewed [] {"uid":"96cbe72"}
[2022-06-23T12:22:24.173040-04:00] slim-app.INFO: Ticket list was viewed [] {"uid":"65fc1a8"}
[2022-06-23T12:22:24.323589-04:00] slim-app.INFO: Ticket list was viewed [] {"uid":"58636ad"}
[2022-06-23T12:22:24.689473-04:00] slim-app.INFO: Ticket list was viewed [] {"uid":"fa062c9"}
[2022-06-23T12:22:24.880462-04:00] slim-app.INFO: Ticket list was viewed [] {"uid":"ed92188"}
[2022-06-23T12:22:25.092311-04:00] slim-app.INFO: Ticket list was viewed [] {"uid":"0b39183"}
[2022-06-23T12:22:25.283968-04:00] slim-app.INFO: Ticket list was viewed [] {"uid":"190e54d"}
[2022-06-23T12:22:25.487510-04:00] slim-app.INFO: Ticket list was viewed [] {"uid":"e12d344"}
[2022-06-23T12:22:25.674830-04:00] slim-app.INFO: Ticket list was viewed [] {"uid":"bd39d5e"}
[2022-06-23T12:22:25.888579-04:00] slim-app.INFO: Ticket list was viewed [] {"uid":"e84f05e"}
[2022-06-23T12:22:26.070237-04:00] slim-app.INFO: Ticket list was viewed [] {"uid":"acca225"}
[2022-06-23T12:22:26.286619-04:00] slim-app.INFO: Ticket list was viewed [] {"uid":"a93a457"}
[2022-06-23T12:22:26.470002-04:00] slim-app.INFO: Ticket list was viewed [] {"uid":"18415c6"}
[2022-06-23T12:22:26.665793-04:00] slim-app.INFO: Ticket list was viewed [] {"uid":"094caa5"}
[2022-06-23T12:22:43.573507-04:00] slim-app.INFO: Ticket list was viewed [] {"uid":"8770c09"}
[2022-06-23T12:31:11.926939-04:00] slim-app.INFO: Ticket list was viewed [] {"uid":"a9f18f9"}
[2022-06-23T12:31:12.990494-04:00] slim-app.INFO: Ticket list was viewed [] {"uid":"4486a2b"}
[2022-06-23T12:31:13.497416-04:00] slim-app.INFO: Ticket list was viewed [] {"uid":"9e8834c"}
[2022-06-23T12:31:13.753190-04:00] slim-app.INFO: Ticket list was viewed [] {"uid":"62387bd"}
[2022-06-23T12:31:13.973505-04:00] slim-app.INFO: Ticket list was viewed [] {"uid":"b0223ca"}
[2022-06-23T12:31:14.267437-04:00] slim-app.INFO: Ticket list was viewed [] {"uid":"1144d7a"}
[2022-06-23T12:31:14.782714-04:00] slim-app.INFO: Ticket list was viewed [] {"uid":"c3bb6e8"}
[2022-06-23T12:31:15.049711-04:00] slim-app.INFO: Ticket list was viewed [] {"uid":"0944e5e"}
[2022-06-23T12:31:15.321527-04:00] slim-app.INFO: Ticket list was viewed [] {"uid":"c215066"}
[2022-06-23T12:31:15.579185-04:00] slim-app.INFO: Ticket list was viewed [] {"uid":"0fc0f43"}
[2022-06-23T12:31:15.813175-04:00] slim-app.INFO: Ticket list was viewed [] {"uid":"95285ff"}
[2022-06-23T12:31:16.078834-04:00] slim-app.INFO: Ticket list was viewed [] {"uid":"57221bc"}
[2022-06-23T12:31:16.338015-04:00] slim-app.INFO: Ticket list was viewed [] {"uid":"162eba2"}
[2022-06-23T12:31:16.621146-04:00] slim-app.INFO: Ticket list was viewed [] {"uid":"d7e189e"}
[2022-06-23T12:31:16.892303-04:00] slim-app.INFO: Ticket list was viewed [] {"uid":"42ce69f"}
[2022-06-23T12:31:17.172560-04:00] slim-app.INFO: Ticket list was viewed [] {"uid":"22c6178"}
[2022-06-23T12:31:17.503534-04:00] slim-app.INFO: Ticket list was viewed [] {"uid":"fbd2913"}
[2022-06-23T12:31:17.731636-04:00] slim-app.INFO: Ticket list was viewed [] {"uid":"0dc13a2"}
[2022-06-23T13:06:18.077538-04:00] slim-app.INFO: User of id `1` was viewed. [] {"uid":"80c09da"}
[2022-06-23T13:06:19.235720-04:00] slim-app.INFO: User of id `1` was viewed. [] {"uid":"95d2ceb"}
[2022-06-23T13:06:19.785662-04:00] slim-app.INFO: User of id `1` was viewed. [] {"uid":"59d882a"}
[2022-06-23T13:06:20.131988-04:00] slim-app.INFO: User of id `1` was viewed. [] {"uid":"4de01c7"}
[2022-06-23T13:06:20.379903-04:00] slim-app.INFO: User of id `1` was viewed. [] {"uid":"65b436a"}
[2022-06-23T13:06:20.583219-04:00] slim-app.INFO: User of id `1` was viewed. [] {"uid":"91c16f9"}
[2022-06-23T13:06:20.789161-04:00] slim-app.INFO: User of id `1` was viewed. [] {"uid":"401585f"}
[2022-06-23T13:06:20.968664-04:00] slim-app.INFO: User of id `1` was viewed. [] {"uid":"8b05095"}
[2022-06-23T13:06:21.185630-04:00] slim-app.INFO: User of id `1` was viewed. [] {"uid":"4f46918"}
[2022-06-23T13:06:21.374899-04:00] slim-app.INFO: User of id `1` was viewed. [] {"uid":"03f225b"}
[2022-06-23T13:06:21.576195-04:00] slim-app.INFO: User of id `1` was viewed. [] {"uid":"11d81bf"}
[2022-06-23T13:06:21.788934-04:00] slim-app.INFO: User of id `1` was viewed. [] {"uid":"26db044"}
[2022-06-23T13:07:34.218955-04:00] slim-app.INFO: User of id `1` was viewed. [] {"uid":"364760f"}
[2022-06-23T13:12:04.368383-04:00] slim-app.INFO: User of id `1` was viewed. [] {"uid":"cc80cc4"}
[2022-06-23T13:13:07.030137-04:00] slim-app.INFO: User of id `1` was viewed. [] {"uid":"5ace51b"}
[2022-06-23T13:13:08.253726-04:00] slim-app.INFO: User of id `1` was viewed. [] {"uid":"98bb64f"}
[2022-06-23T13:13:08.855612-04:00] slim-app.INFO: User of id `1` was viewed. [] {"uid":"cd94b76"}
[2022-06-23T13:13:09.101656-04:00] slim-app.INFO: User of id `1` was viewed. [] {"uid":"6cd57dc"}
[2022-06-23T13:13:09.306855-04:00] slim-app.INFO: User of id `1` was viewed. [] {"uid":"8de2539"}
[2022-06-23T13:13:09.492505-04:00] slim-app.INFO: User of id `1` was viewed. [] {"uid":"351fbce"}
[2022-06-23T13:13:09.680304-04:00] slim-app.INFO: User of id `1` was viewed. [] {"uid":"65dd8f3"}
[2022-06-23T13:13:09.871064-04:00] slim-app.INFO: User of id `1` was viewed. [] {"uid":"e997098"}
[2022-06-23T13:13:10.053637-04:00] slim-app.INFO: User of id `1` was viewed. [] {"uid":"f453df2"}
[2022-06-23T13:13:10.212596-04:00] slim-app.INFO: User of id `1` was viewed. [] {"uid":"0531860"}
[2022-06-23T13:13:10.420717-04:00] slim-app.INFO: User of id `1` was viewed. [] {"uid":"555a777"}
[2022-06-23T13:13:10.580760-04:00] slim-app.INFO: User of id `1` was viewed. [] {"uid":"3086fff"}
[2022-06-23T13:13:10.777969-04:00] slim-app.INFO: User of id `1` was viewed. [] {"uid":"06a0731"}
[2022-06-23T13:14:19.488575-04:00] slim-app.INFO: User of id `1` was viewed. [] {"uid":"0e278d6"}
[2022-06-23T13:14:20.368603-04:00] slim-app.INFO: User of id `1` was viewed. [] {"uid":"3ace055"}
[2022-06-23T13:14:20.917627-04:00] slim-app.INFO: User of id `1` was viewed. [] {"uid":"0796339"}
[2022-06-23T13:14:21.146106-04:00] slim-app.INFO: User of id `1` was viewed. [] {"uid":"d073516"}
[2022-06-23T13:14:21.347254-04:00] slim-app.INFO: User of id `1` was viewed. [] {"uid":"180c0c7"}
[2022-06-23T13:14:21.533434-04:00] slim-app.INFO: User of id `1` was viewed. [] {"uid":"50031fc"}
[2022-06-23T13:14:21.711773-04:00] slim-app.INFO: User of id `1` was viewed. [] {"uid":"c4f074b"}
[2022-06-23T13:14:21.889652-04:00] slim-app.INFO: User of id `1` was viewed. [] {"uid":"5eb936f"}
[2022-06-23T13:14:22.069962-04:00] slim-app.INFO: User of id `1` was viewed. [] {"uid":"c0f9713"}
[2022-06-23T13:14:22.235081-04:00] slim-app.INFO: User of id `1` was viewed. [] {"uid":"64e5583"}
[2022-06-23T13:14:22.438695-04:00] slim-app.INFO: User of id `1` was viewed. [] {"uid":"36c547d"}
[2022-06-23T13:14:22.594891-04:00] slim-app.INFO: User of id `1` was viewed. [] {"uid":"908eda5"}
[2022-06-23T13:14:22.780978-04:00] slim-app.INFO: User of id `1` was viewed. [] {"uid":"5dd359e"}
[2022-06-23T13:14:22.964113-04:00] slim-app.INFO: User of id `1` was viewed. [] {"uid":"cc026d1"}
[2022-06-23T13:14:23.145216-04:00] slim-app.INFO: User of id `1` was viewed. [] {"uid":"79ae0bb"}
[2022-06-23T13:14:23.312659-04:00] slim-app.INFO: User of id `1` was viewed. [] {"uid":"bfe17af"}
[2022-06-23T13:14:23.510874-04:00] slim-app.INFO: User of id `1` was viewed. [] {"uid":"d675329"}
[2022-06-23T13:14:24.068083-04:00] slim-app.INFO: User of id `1` was viewed. [] {"uid":"131d616"}
[2022-06-23T13:14:24.265917-04:00] slim-app.INFO: User of id `1` was viewed. [] {"uid":"5709576"}
[2022-06-23T13:14:24.469341-04:00] slim-app.INFO: User of id `1` was viewed. [] {"uid":"7450653"}
[2022-06-23T13:14:24.661748-04:00] slim-app.INFO: User of id `1` was viewed. [] {"uid":"6b5810c"}
[2022-06-23T13:14:24.878948-04:00] slim-app.INFO: User of id `1` was viewed. [] {"uid":"19344c5"}
[2022-06-23T13:14:25.065899-04:00] slim-app.INFO: User of id `1` was viewed. [] {"uid":"c123da6"}
[2022-06-23T13:14:25.265041-04:00] slim-app.INFO: User of id `1` was viewed. [] {"uid":"95735bd"}
[2022-06-23T13:14:25.461203-04:00] slim-app.INFO: User of id `1` was viewed. [] {"uid":"aea2509"}
[2022-06-23T13:14:25.656619-04:00] slim-app.INFO: User of id `1` was viewed. [] {"uid":"b553104"}
[2022-06-23T13:14:25.874451-04:00] slim-app.INFO: User of id `1` was viewed. [] {"uid":"35e22ea"}
[2022-06-23T13:14:26.079590-04:00] slim-app.INFO: User of id `1` was viewed. [] {"uid":"0425866"}
[2022-06-23T13:14:26.548127-04:00] slim-app.INFO: User of id `1` was viewed. [] {"uid":"f1b4b2f"}
[2022-06-23T13:14:26.896227-04:00] slim-app.INFO: User of id `1` was viewed. [] {"uid":"497cb35"}
[2022-06-23T13:14:27.130327-04:00] slim-app.INFO: User of id `1` was viewed. [] {"uid":"6c8f956"}
[2022-06-23T13:14:27.326195-04:00] slim-app.INFO: User of id `1` was viewed. [] {"uid":"e93d6f8"}
[2022-06-23T13:14:27.626638-04:00] slim-app.INFO: User of id `1` was viewed. [] {"uid":"db10ed3"}
[2022-06-23T13:14:46.228964-04:00] slim-app.INFO: User of id `1` was viewed. [] {"uid":"86fcb1f"}
[2022-06-23T13:14:46.795924-04:00] slim-app.INFO: User of id `1` was viewed. [] {"uid":"5c613df"}
[2022-06-23T13:14:47.016058-04:00] slim-app.INFO: User of id `1` was viewed. [] {"uid":"a6868ac"}
[2022-06-23T13:14:47.202525-04:00] slim-app.INFO: User of id `1` was viewed. [] {"uid":"427a96c"}
[2022-06-23T13:15:08.794318-04:00] slim-app.INFO: User of id `1` was viewed. [] {"uid":"0943ba3"}
[2022-06-23T13:15:36.450786-04:00] slim-app.INFO: User of id `1` was viewed. [] {"uid":"b7f8761"}
[2022-06-23T13:15:37.023682-04:00] slim-app.INFO: User of id `1` was viewed. [] {"uid":"c30fa16"}
[2022-06-23T13:15:37.202995-04:00] slim-app.INFO: User of id `1` was viewed. [] {"uid":"11d60be"}
[2022-06-23T13:15:37.415033-04:00] slim-app.INFO: User of id `1` was viewed. [] {"uid":"fb33942"}
[2022-06-23T13:15:37.608116-04:00] slim-app.INFO: User of id `1` was viewed. [] {"uid":"0f9dbbc"}
[2022-06-23T13:15:37.787457-04:00] slim-app.INFO: User of id `1` was viewed. [] {"uid":"1da6c09"}
[2022-06-23T13:15:37.976681-04:00] slim-app.INFO: User of id `1` was viewed. [] {"uid":"1627042"}
[2022-06-23T13:15:38.216612-04:00] slim-app.INFO: User of id `1` was viewed. [] {"uid":"5633a14"}
[2022-06-23T13:15:38.429596-04:00] slim-app.INFO: User of id `1` was viewed. [] {"uid":"1311acc"}
[2022-06-23T13:15:38.668821-04:00] slim-app.INFO: User of id `1` was viewed. [] {"uid":"b7bfbc0"}
[2022-06-23T13:15:39.382270-04:00] slim-app.INFO: User of id `1` was viewed. [] {"uid":"246344a"}
[2022-06-23T13:15:39.593206-04:00] slim-app.INFO: User of id `1` was viewed. [] {"uid":"9b8fe55"}
[2022-06-23T13:15:39.806713-04:00] slim-app.INFO: User of id `1` was viewed. [] {"uid":"8d437e8"}
[2022-06-23T13:15:39.991683-04:00] slim-app.INFO: User of id `1` was viewed. [] {"uid":"73cb5d3"}
[2022-06-23T13:15:40.193784-04:00] slim-app.INFO: User of id `1` was viewed. [] {"uid":"67b23eb"}
[2022-06-23T13:15:40.385607-04:00] slim-app.INFO: User of id `1` was viewed. [] {"uid":"3dae589"}
[2022-06-23T13:15:40.609621-04:00] slim-app.INFO: User of id `1` was viewed. [] {"uid":"1d00ca8"}
[2022-06-23T13:15:46.375697-04:00] slim-app.INFO: User of id `1` was viewed. [] {"uid":"924bfa0"}
[2022-06-27T03:58:24.475001-04:00] slim-app.INFO: User of id `1` was viewed. [] {"uid":"491f5b8"}
[2022-06-27T03:58:32.124708-04:00] slim-app.INFO: Ticket list was viewed [] {"uid":"d0bb2bb"}
[2022-06-27T04:03:26.730168-04:00] slim-app.INFO: Ticket list was viewed [] {"uid":"5e048f6"}
[2022-06-27T04:03:58.461075-04:00] slim-app.INFO: Ticket list was viewed [] {"uid":"df77b13"}
[2022-06-27T04:04:01.348963-04:00] slim-app.INFO: User of id `1` was viewed. [] {"uid":"4fded6a"}
[2022-06-27T04:04:11.116791-04:00] slim-app.INFO: User of id `1` was viewed. [] {"uid":"6d941bb"}
[2022-06-27T04:10:52.636803-04:00] slim-app.INFO: User of id `1` was viewed. [] {"uid":"13a0a0b"}
[2022-06-27T04:10:53.786099-04:00] slim-app.INFO: User of id `1` was viewed. [] {"uid":"f578be1"}
[2022-06-27T04:10:54.834785-04:00] slim-app.INFO: User of id `1` was viewed. [] {"uid":"dcc5bcb"}
[2022-06-27T04:11:39.268995-04:00] slim-app.INFO: User of id `1` was viewed. [] {"uid":"24591e0"}
[2022-06-27T04:16:32.408697-04:00] slim-app.INFO: User of id `1` was viewed. [] {"uid":"3185ef5"}
[2022-06-27T04:16:33.070749-04:00] slim-app.INFO: User of id `1` was viewed. [] {"uid":"19777be"}
[2022-06-27T04:16:33.293612-04:00] slim-app.INFO: User of id `1` was viewed. [] {"uid":"4ce954a"}
[2022-06-27T04:16:33.477874-04:00] slim-app.INFO: User of id `1` was viewed. [] {"uid":"28f2937"}
[2022-06-27T04:16:33.712735-04:00] slim-app.INFO: User of id `1` was viewed. [] {"uid":"2d531d3"}
[2022-06-27T04:16:33.900750-04:00] slim-app.INFO: User of id `1` was viewed. [] {"uid":"5176fdf"}
[2022-06-27T04:16:34.119222-04:00] slim-app.INFO: User of id `1` was viewed. [] {"uid":"c083a0a"}
[2022-06-27T04:16:34.309112-04:00] slim-app.INFO: User of id `1` was viewed. [] {"uid":"baceb70"}
[2022-06-27T04:16:34.528117-04:00] slim-app.INFO: User of id `1` was viewed. [] {"uid":"b121d15"}
[2022-06-27T04:16:34.702394-04:00] slim-app.INFO: User of id `1` was viewed. [] {"uid":"3a91642"}
[2022-06-27T04:16:57.336155-04:00] slim-app.INFO: User of id `1` was viewed. [] {"uid":"d797a77"}
[2022-06-27T04:16:58.510650-04:00] slim-app.INFO: User of id `1` was viewed. [] {"uid":"02bdb0e"}
[2022-06-27T04:16:59.128732-04:00] slim-app.INFO: User of id `1` was viewed. [] {"uid":"4a667bb"}
[2022-06-27T04:17:12.596983-04:00] slim-app.INFO: User of id `1` was viewed. [] {"uid":"901e57a"}
[2022-06-27T04:17:50.558240-04:00] slim-app.INFO: Ticket of id `1` was viewed. [] {"uid":"929156d"}
[2022-06-27T04:17:51.434467-04:00] slim-app.INFO: Ticket of id `1` was viewed. [] {"uid":"5e111f1"}
[2022-06-27T04:18:48.291154-04:00] slim-app.INFO: Ticket of id `1` was viewed. [] {"uid":"2c6b4a4"}
[2022-06-27T04:18:58.618796-04:00] slim-app.INFO: Ticket of id `1` was viewed. [] {"uid":"1e91cf0"}
[2022-06-27T04:19:01.717520-04:00] slim-app.INFO: Ticket of id `1` was viewed. [] {"uid":"0a346d0"}
[2022-06-27T04:33:03.040300-04:00] slim-app.INFO: Ticket of id `1` was viewed. [] {"uid":"ffddb6a"}
[2022-06-27T04:33:03.806680-04:00] slim-app.INFO: Ticket of id `1` was viewed. [] {"uid":"feb739f"}
[2022-06-27T04:33:04.054613-04:00] slim-app.INFO: Ticket of id `1` was viewed. [] {"uid":"163089a"}
[2022-06-27T04:33:04.247378-04:00] slim-app.INFO: Ticket of id `1` was viewed. [] {"uid":"76315e7"}
[2022-06-27T04:33:48.527513-04:00] slim-app.INFO: User of id `1` was viewed. [] {"uid":"9d8b821"}
[2022-06-27T04:35:14.184031-04:00] slim-app.INFO: Ticket list was viewed [] {"uid":"c5370ba"}
[2022-06-27T04:36:06.961127-04:00] slim-app.INFO: Ticket list was viewed [] {"uid":"5bd02b2"}
[2022-06-27T04:36:07.701718-04:00] slim-app.INFO: Ticket list was viewed [] {"uid":"7aa1671"}
[2022-06-27T04:36:08.152027-04:00] slim-app.INFO: Ticket list was viewed [] {"uid":"4556bc6"}
[2022-06-27T04:36:08.339281-04:00] slim-app.INFO: Ticket list was viewed [] {"uid":"5d2f8fc"}
[2022-06-27T04:36:08.535131-04:00] slim-app.INFO: Ticket list was viewed [] {"uid":"bd294d2"}
[2022-06-27T04:36:08.711041-04:00] slim-app.INFO: Ticket list was viewed [] {"uid":"2017a3a"}
[2022-06-27T04:36:08.882398-04:00] slim-app.INFO: Ticket list was viewed [] {"uid":"ea88d34"}
[2022-06-27T04:36:09.049051-04:00] slim-app.INFO: Ticket list was viewed [] {"uid":"17ef1b9"}
[2022-06-27T04:36:09.216786-04:00] slim-app.INFO: Ticket list was viewed [] {"uid":"d452dda"}
[2022-06-27T04:36:09.390175-04:00] slim-app.INFO: Ticket list was viewed [] {"uid":"0bb1c8a"}
[2022-06-27T04:36:09.576393-04:00] slim-app.INFO: Ticket list was viewed [] {"uid":"9154a93"}
[2022-06-27T04:36:09.748865-04:00] slim-app.INFO: Ticket list was viewed [] {"uid":"b210e33"}
[2022-06-27T04:36:09.925042-04:00] slim-app.INFO: Ticket list was viewed [] {"uid":"5c2eb3d"}
[2022-06-27T04:36:10.095053-04:00] slim-app.INFO: Ticket list was viewed [] {"uid":"955c3ab"}
[2022-06-27T04:36:10.308276-04:00] slim-app.INFO: Ticket list was viewed [] {"uid":"5637596"}
[2022-06-27T04:36:10.718317-04:00] slim-app.INFO: Ticket list was viewed [] {"uid":"7d3c72f"}
[2022-06-27T04:36:11.068768-04:00] slim-app.INFO: Ticket list was viewed [] {"uid":"3ecb0f4"}
[2022-06-27T04:36:11.252032-04:00] slim-app.INFO: Ticket list was viewed [] {"uid":"9d49dbd"}
[2022-06-27T04:36:24.422782-04:00] slim-app.INFO: Ticket list was viewed [] {"uid":"95d1825"}
[2022-06-27T04:36:25.214424-04:00] slim-app.INFO: Ticket list was viewed [] {"uid":"91c2aa9"}
[2022-06-27T04:38:22.205183-04:00] slim-app.INFO: Ticket list was viewed [] {"uid":"d36910f"}
[2022-06-27T04:38:22.908699-04:00] slim-app.INFO: Ticket list was viewed [] {"uid":"f8a2473"}
[2022-06-27T04:38:23.192134-04:00] slim-app.INFO: Ticket list was viewed [] {"uid":"26146e9"}
[2022-06-27T04:38:23.583925-04:00] slim-app.INFO: Ticket list was viewed [] {"uid":"f7a9699"}
[2022-06-27T04:38:24.204320-04:00] slim-app.INFO: Ticket list was viewed [] {"uid":"fea865f"}
[2022-06-27T04:38:24.394175-04:00] slim-app.INFO: Ticket list was viewed [] {"uid":"3b074aa"}
[2022-06-27T04:38:24.615039-04:00] slim-app.INFO: Ticket list was viewed [] {"uid":"7472bd1"}
[2022-06-27T04:38:24.776784-04:00] slim-app.INFO: Ticket list was viewed [] {"uid":"502a449"}
[2022-06-27T04:38:24.977630-04:00] slim-app.INFO: Ticket list was viewed [] {"uid":"95c666c"}
[2022-06-27T04:50:10.588905-04:00] slim-app.INFO: Ticket list was viewed [] {"uid":"5cbf7df"}
[2022-06-27T04:50:13.146249-04:00] slim-app.INFO: Ticket list was viewed [] {"uid":"f902031"}
[2022-06-27T05:13:46.469803-04:00] slim-app.INFO: Ticket list was viewed [] {"uid":"a143dc6"}
[2022-06-27T06:58:56.909852-04:00] slim-app.INFO: Item status list was viewed [] {"uid":"2362ae7"}
[2022-06-27T07:11:37.326079-04:00] slim-app.INFO: Item status of id `2` was viewed. [] {"uid":"b435fc3"}
[2022-06-27T07:14:06.117895-04:00] slim-app.INFO: Item status of id `2` was viewed. [] {"uid":"42b831d"}
[2022-06-27T07:32:57.103246-04:00] slim-app.INFO: User of id `1` was viewed. [] {"uid":"5b56343"}
[2022-06-27T07:33:09.293983-04:00] slim-app.INFO: Ticket of id `1` was viewed. [] {"uid":"ab063c6"}
[2022-06-27T07:34:00.966094-04:00] slim-app.INFO: Ticket of id `1` was viewed. [] {"uid":"81217aa"}
[2022-06-27T07:34:01.703901-04:00] slim-app.INFO: Ticket of id `1` was viewed. [] {"uid":"0a65dcf"}
[2022-06-27T07:34:02.157895-04:00] slim-app.INFO: Ticket of id `1` was viewed. [] {"uid":"b0315ea"}
[2022-06-27T07:34:02.417209-04:00] slim-app.INFO: Ticket of id `1` was viewed. [] {"uid":"ccdbce4"}
[2022-06-27T07:34:02.903858-04:00] slim-app.INFO: Ticket of id `1` was viewed. [] {"uid":"6960ec3"}
[2022-06-27T07:34:03.192425-04:00] slim-app.INFO: Ticket of id `1` was viewed. [] {"uid":"8172216"}
[2022-06-27T07:34:03.453210-04:00] slim-app.INFO: Ticket of id `1` was viewed. [] {"uid":"ba75bae"}
[2022-06-27T07:34:03.674090-04:00] slim-app.INFO: Ticket of id `1` was viewed. [] {"uid":"6e43a0f"}
[2022-06-27T07:34:03.853365-04:00] slim-app.INFO: Ticket of id `1` was viewed. [] {"uid":"f31d31d"}
[2022-06-27T07:34:14.204765-04:00] slim-app.INFO: Ticket of id `1` was viewed. [] {"uid":"348507b"}
[2022-06-27T07:34:14.748009-04:00] slim-app.INFO: Ticket of id `1` was viewed. [] {"uid":"21437eb"}
[2022-06-27T07:34:14.913892-04:00] slim-app.INFO: Ticket of id `1` was viewed. [] {"uid":"32a745c"}
[2022-06-27T10:08:03.131986-04:00] slim-app.INFO: Item list was viewed [] {"uid":"3a9bea5"}
[2022-06-27T10:14:55.003038-04:00] slim-app.INFO: Item list was viewed [] {"uid":"81d5aee"}
[2022-06-27T10:17:31.092544-04:00] slim-app.INFO: Item status of id `1` was viewed. [] {"uid":"386ffcd"}
[2022-06-27T10:20:37.154818-04:00] slim-app.INFO: Item status list was viewed [] {"uid":"82c8f40"}
[2022-06-27T10:21:24.436643-04:00] slim-app.INFO: Item status of id `1` was viewed. [] {"uid":"390f897"}
[2022-06-27T10:22:16.675594-04:00] slim-app.INFO: Item list was viewed [] {"uid":"a4d234f"}
[2022-06-27T10:54:29.764723-04:00] slim-app.INFO: Item list was viewed [] {"uid":"e86b3ca"}
[2022-06-27T11:17:12.356989-04:00] slim-app.INFO: Item list was viewed [] {"uid":"661bbea"}
[2022-06-27T11:32:29.124849-04:00] slim-app.INFO: Item list was viewed [] {"uid":"b034f58"}
[2022-06-27T11:48:44.661021-04:00] slim-app.INFO: Item of id `1` was viewed. [] {"uid":"610e2a1"}
[2022-06-27T11:48:47.649785-04:00] slim-app.INFO: Item of id `1` was viewed. [] {"uid":"04ac0b8"}
[2022-06-27T11:48:48.598616-04:00] slim-app.INFO: Item of id `1` was viewed. [] {"uid":"4ab8e25"}
[2022-06-27T11:48:49.127849-04:00] slim-app.INFO: Item of id `1` was viewed. [] {"uid":"c8d5aa4"}
[2022-06-27T11:48:49.738428-04:00] slim-app.INFO: Item of id `1` was viewed. [] {"uid":"e84ad42"}
[2022-06-27T11:48:59.786717-04:00] slim-app.INFO: Item of id `1` was viewed. [] {"uid":"a20909d"}
[2022-06-27T11:49:24.122545-04:00] slim-app.INFO: Item of id `1` was viewed. [] {"uid":"627fe64"}
[2022-06-27T11:49:40.868840-04:00] slim-app.INFO: Item with id `1 deleted successfully`. [] {"uid":"68b7705"}
[2022-06-27T12:10:11.430384-04:00] slim-app.INFO: Item list was viewed [] {"uid":"616cfe5"}
[2022-06-27T12:10:19.974659-04:00] slim-app.INFO: Item list was viewed [] {"uid":"48c3cce"}
[2022-06-27T12:10:20.693888-04:00] slim-app.INFO: Item list was viewed [] {"uid":"8f06079"}
[2022-06-27T12:10:21.286362-04:00] slim-app.INFO: Item list was viewed [] {"uid":"ce0e62e"}
[2022-06-27T12:10:21.894003-04:00] slim-app.INFO: Item list was viewed [] {"uid":"c464f57"}
[2022-06-27T12:10:28.015496-04:00] slim-app.INFO: Item of id `3` was viewed. [] {"uid":"27e4c33"}
[2022-06-27T12:10:31.631437-04:00] slim-app.INFO: Item list was viewed [] {"uid":"ce5ff5e"}
[2022-06-27T12:10:34.725453-04:00] slim-app.INFO: Item of id `3` was viewed. [] {"uid":"cfc9f51"}
[2022-06-27T12:11:13.314353-04:00] slim-app.INFO: Item list was viewed [] {"uid":"a06fe98"}
[2022-06-27T12:11:25.718085-04:00] slim-app.INFO: Item list was viewed [] {"uid":"5ec291a"}
[2022-06-27T12:11:42.585050-04:00] slim-app.INFO: Item of id `3` was viewed. [] {"uid":"9dca416"}
[2022-06-27T12:13:00.328961-04:00] slim-app.INFO: Item of id `3` was viewed. [] {"uid":"188ad49"}
[2022-06-27T12:15:41.448810-04:00] slim-app.INFO: Item list was viewed [] {"uid":"91ddf6f"}
[2022-06-27T12:16:35.029072-04:00] slim-app.INFO: Item of id `5` was viewed. [] {"uid":"43e5b32"}
[2022-06-27T12:17:56.371958-04:00] slim-app.INFO: Item of id `5` was viewed. [] {"uid":"4f29642"}
[2022-06-27T12:17:59.591657-04:00] slim-app.INFO: Item of id `5` was viewed. [] {"uid":"8064a7b"}
[2022-06-27T12:18:02.059976-04:00] slim-app.INFO: Item list was viewed [] {"uid":"647d400"}
[2022-06-27T12:18:09.027258-04:00] slim-app.INFO: Item of id `5` was viewed. [] {"uid":"ccb4b3a"}
[2022-06-27T12:22:05.133051-04:00] slim-app.INFO: Item of id `5` was viewed. [] {"uid":"44c6548"}
[2022-06-27T12:22:06.830365-04:00] slim-app.INFO: Item of id `5` was viewed. [] {"uid":"0e5d5dc"}
[2022-06-27T12:22:32.742149-04:00] slim-app.INFO: Item of id `5` was viewed. [] {"uid":"21355e3"}
[2022-06-27T12:22:33.510428-04:00] slim-app.INFO: Item of id `5` was viewed. [] {"uid":"b29bc46"}
[2022-06-27T12:22:33.897593-04:00] slim-app.INFO: Item of id `5` was viewed. [] {"uid":"7a20861"}
[2022-06-27T12:23:04.141629-04:00] slim-app.INFO: Item of id `5` was viewed. [] {"uid":"2cdab2b"}
[2022-06-27T12:24:12.633544-04:00] slim-app.INFO: Item of id `5` was viewed. [] {"uid":"f80900b"}
[2022-06-27T12:24:21.217982-04:00] slim-app.INFO: Item of id `5` was viewed. [] {"uid":"24df2d6"}
[2022-06-27T12:24:28.329937-04:00] slim-app.INFO: Item of id `3` was viewed. [] {"uid":"7eed039"}
[2022-06-27T12:25:08.223978-04:00] slim-app.INFO: Item list was viewed [] {"uid":"490187d"}
[2022-06-27T12:25:18.682066-04:00] slim-app.INFO: Item of id `7` was viewed. [] {"uid":"693c800"}
[2022-06-27T12:26:30.482633-04:00] slim-app.INFO: Item of id `7` was viewed. [] {"uid":"fbbbc2b"}
[2022-06-27T12:26:31.516685-04:00] slim-app.INFO: Item of id `7` was viewed. [] {"uid":"8ebe7f8"}
[2022-06-27T12:26:32.067142-04:00] slim-app.INFO: Item of id `7` was viewed. [] {"uid":"1374904"}
[2022-06-27T12:57:25.156535-04:00] slim-app.INFO: Item list was viewed [] {"uid":"87bb7dd"}
[2022-06-27T13:02:29.594175-04:00] slim-app.INFO: Item list was viewed [] {"uid":"be9f776"}
[2022-06-27T13:09:01.214041-04:00] slim-app.INFO: Item of id `9` was viewed. [] {"uid":"305cc50"}
[2022-06-28T04:13:56.729666-04:00] slim-app.INFO: Item list was viewed [] {"uid":"eb0c7bd"}
[2022-06-28T04:14:06.922301-04:00] slim-app.INFO: Item of id `11` was viewed. [] {"uid":"306ed37"}
[2022-06-28T04:17:44.875903-04:00] slim-app.INFO: Item list was viewed [] {"uid":"d7b4564"}
[2022-06-28T04:17:53.646719-04:00] slim-app.INFO: Item of id `13` was viewed. [] {"uid":"e2b7476"}
[2022-06-28T04:33:29.285950-04:00] slim-app.INFO: Item of id `13` was viewed. [] {"uid":"df7eb24"}
[2022-06-28T04:33:38.491775-04:00] slim-app.INFO: Item list was viewed [] {"uid":"2f5ba17"}
[2022-06-28T04:36:28.417865-04:00] slim-app.INFO: Item of id `13` was viewed. [] {"uid":"544f2ee"}
[2022-06-28T04:37:08.521770-04:00] slim-app.INFO: Item list was viewed [] {"uid":"889dc46"}
[2022-06-28T04:37:18.439491-04:00] slim-app.INFO: Item list was viewed [] {"uid":"f3c4fdc"}
[2022-06-28T04:44:18.812260-04:00] slim-app.INFO: New item with id was created. [] {"uid":"82f16fc"}
[2022-06-28T05:03:53.382078-04:00] slim-app.INFO: Item of id `13` was viewed. [] {"uid":"90073ae"}
[2022-06-28T05:04:05.407049-04:00] slim-app.INFO: Item of id `13` was viewed. [] {"uid":"13c4e05"}
[2022-06-28T05:04:34.351303-04:00] slim-app.INFO: Item of id `13` was viewed. [] {"uid":"df3f352"}
[2022-06-28T06:06:25.485951-04:00] slim-app.INFO: Item list was viewed [] {"uid":"4ebe754"}
[2022-06-28T06:29:53.544480-04:00] slim-app.INFO: Item of id `13` was viewed. [] {"uid":"734e268"}
[2022-06-28T06:31:19.979801-04:00] slim-app.INFO: Item of id `13` was viewed. [] {"uid":"f85b5b4"}
[2022-06-28T06:31:21.043739-04:00] slim-app.INFO: Item of id `13` was viewed. [] {"uid":"f7ee6e8"}
[2022-06-28T06:31:21.618669-04:00] slim-app.INFO: Item of id `13` was viewed. [] {"uid":"fd5cac5"}
[2022-06-28T06:31:58.327139-04:00] slim-app.INFO: Item with id `13` was updated. [] {"uid":"6e67a37"}
[2022-06-28T06:32:46.889353-04:00] slim-app.INFO: New item with id `27` was created. [] {"uid":"a37a718"}
[2022-06-28T06:34:13.003483-04:00] slim-app.INFO: Item with id `13` was updated. [] {"uid":"bbb49d3"}
[2022-06-28T06:34:57.606024-04:00] slim-app.INFO: Item with id `13` was updated. [] {"uid":"2ab6a07"}
[2022-06-28T06:35:12.213330-04:00] slim-app.INFO: Item of id `13` was viewed. [] {"uid":"dd86acc"}
[2022-06-28T06:35:16.626681-04:00] slim-app.INFO: Item list was viewed [] {"uid":"08307ec"}
[2022-06-28T06:36:10.809795-04:00] slim-app.INFO: Item with id `13` was updated. [] {"uid":"888ebca"}
[2022-06-28T06:39:42.119910-04:00] slim-app.INFO: Item with id `13` was updated. [] {"uid":"b9062ae"}
[2022-06-28T07:37:47.419912-04:00] slim-app.INFO: Section list was viewed [] {"uid":"adbf3d3"}
[2022-06-28T07:38:02.119589-04:00] slim-app.INFO: Item list was viewed [] {"uid":"5ce616c"}
[2022-06-28T07:40:53.982905-04:00] slim-app.INFO: Section with id `3` was viewed. [] {"uid":"9d135ae"}
[2022-06-28T07:42:11.940964-04:00] slim-app.INFO: Section with id `3` was viewed. [] {"uid":"0680145"}
[2022-06-28T07:57:26.807843-04:00] slim-app.INFO: Section with id `3` was viewed. [] {"uid":"11eec91"}
[2022-06-28T07:57:44.333386-04:00] slim-app.INFO: Section with id `1` was viewed. [] {"uid":"83bcea2"}
[2022-06-28T07:57:59.673454-04:00] slim-app.INFO: Section with id `3` was viewed. [] {"uid":"28c6c20"}
[2022-06-28T08:03:08.177817-04:00] slim-app.INFO: Section list was viewed [] {"uid":"dc87bbf"}
[2022-06-28T08:03:10.899952-04:00] slim-app.INFO: Section with id `3` was viewed. [] {"uid":"f3a5684"}
[2022-06-28T08:04:37.979038-04:00] slim-app.INFO: Section list was viewed [] {"uid":"999b6fe"}
[2022-06-28T09:22:20.361741-04:00] slim-app.INFO: Item with id `3 deleted successfully`. [] {"uid":"1533424"}
[2022-06-28T09:22:25.001271-04:00] slim-app.INFO: Section list was viewed [] {"uid":"aa02598"}
[2022-06-28T09:22:28.996159-04:00] slim-app.INFO: Section with id `3` was viewed. [] {"uid":"6906907"}
[2022-06-28T09:49:54.309743-04:00] slim-app.INFO: Section list was viewed [] {"uid":"c061761"}
[2022-06-28T09:50:21.864477-04:00] slim-app.INFO: Section list was viewed [] {"uid":"0fa081d"}
[2022-06-28T09:50:30.726166-04:00] slim-app.INFO: Item with id `5 deleted successfully`. [] {"uid":"d0c4ee8"}
[2022-06-28T09:50:33.877777-04:00] slim-app.INFO: Section list was viewed [] {"uid":"9022291"}
[2022-06-28T09:51:09.361040-04:00] slim-app.INFO: Section list was viewed [] {"uid":"e4a2fa9"}
[2022-06-28T09:51:22.857826-04:00] slim-app.INFO: Item with id `7 deleted successfully`. [] {"uid":"696072b"}
[2022-06-28T09:51:27.847385-04:00] slim-app.INFO: Section list was viewed [] {"uid":"3f10580"}
[2022-06-28T09:54:17.937342-04:00] slim-app.INFO: Section list was viewed [] {"uid":"e46c4d4"}
[2022-06-28T09:54:20.156966-04:00] slim-app.INFO: Section list was viewed [] {"uid":"db546be"}
[2022-06-28T09:54:32.908882-04:00] slim-app.INFO: Section list was viewed [] {"uid":"84d8c84"}
[2022-06-28T09:55:23.443275-04:00] slim-app.INFO: Section list was viewed [] {"uid":"4248fa7"}
[2022-06-28T09:55:36.148599-04:00] slim-app.INFO: Section list was viewed [] {"uid":"3309070"}
[2022-06-28T09:59:25.446809-04:00] slim-app.INFO: Section list was viewed [] {"uid":"064ce8d"}
[2022-06-28T09:59:35.117999-04:00] slim-app.INFO: Item with id `11 deleted successfully`. [] {"uid":"e4e257e"}
[2022-06-28T09:59:41.876676-04:00] slim-app.INFO: Section list was viewed [] {"uid":"888ebb4"}
[2022-06-28T10:01:46.890834-04:00] slim-app.INFO: Item with id `13 deleted successfully`. [] {"uid":"65b76db"}
[2022-06-28T10:01:49.535659-04:00] slim-app.INFO: Section list was viewed [] {"uid":"78bb8d3"}
[2022-06-28T10:01:52.554582-04:00] slim-app.INFO: New section with id `15` was created. [] {"uid":"4e0eb31"}
[2022-06-28T10:02:34.118874-04:00] slim-app.INFO: Item with id `15 deleted successfully`. [] {"uid":"e90bdc5"}
[2022-06-28T10:02:40.850374-04:00] slim-app.INFO: New section with id `17` was created. [] {"uid":"0b3faac"}
[2022-06-28T10:08:01.073773-04:00] slim-app.INFO: Section with id `3` was viewed. [] {"uid":"f39d67d"}
[2022-06-28T10:17:20.598086-04:00] slim-app.INFO: Section with id `3` was viewed. [] {"uid":"700230b"}
[2022-06-28T10:19:20.490497-04:00] slim-app.INFO: Section list was viewed [] {"uid":"0ee900b"}
[2022-06-28T10:19:50.148464-04:00] slim-app.INFO: Section with id `3` was updated. [] {"uid":"22f230f"}
[2022-06-28T10:20:03.477662-04:00] slim-app.INFO: Section with id `3` was viewed. [] {"uid":"66d4005"}
[2022-06-28T10:20:48.874146-04:00] slim-app.INFO: Section with id `3` was updated. [] {"uid":"b018eb6"}
[2022-06-28T10:20:55.433717-04:00] slim-app.INFO: Section list was viewed [] {"uid":"8beceac"}
[2022-06-28T10:21:22.676749-04:00] slim-app.INFO: Item with id `13` was updated. [] {"uid":"9c5ebbc"}
[2022-06-28T10:21:38.956498-04:00] slim-app.INFO: Item list was viewed [] {"uid":"57187fd"}
[2022-06-28T10:21:48.361191-04:00] slim-app.INFO: Item of id `13` was viewed. [] {"uid":"ad602f9"}
[2022-06-28T10:25:31.169503-04:00] slim-app.INFO: Item with id `13` was updated. [] {"uid":"ebf3290"}
[2022-06-28T10:25:58.415911-04:00] slim-app.INFO: Item list was viewed [] {"uid":"b1d48d1"}
[2022-06-28T10:27:17.868081-04:00] slim-app.INFO: Section with id `3` was updated. [] {"uid":"6ccf43c"}
[2022-06-28T10:28:00.491709-04:00] slim-app.INFO: Section with id `3` was viewed. [] {"uid":"34a1bfc"}
[2022-06-28T11:10:05.075215-04:00] slim-app.INFO: Tab list was viewed [] {"uid":"b670cdb"}
[2022-06-28T11:10:29.194098-04:00] slim-app.INFO: Section with id `1` was viewed. [] {"uid":"6c93221"}
[2022-06-28T11:10:50.517913-04:00] slim-app.INFO: Tab with id `1` was viewed. [] {"uid":"6fbcf27"}
[2022-06-28T11:11:03.656997-04:00] slim-app.INFO: Tab list was viewed [] {"uid":"be6c06a"}
[2022-06-28T11:11:09.112311-04:00] slim-app.INFO: Tab with id `1` was viewed. [] {"uid":"a2c2497"}
[2022-06-28T11:40:38.325633-04:00] slim-app.INFO: Section list was viewed [] {"uid":"51a2f1e"}
[2022-06-28T12:26:18.962539-04:00] slim-app.INFO: Ticket list was viewed [] {"uid":"1921dc9"}
[2022-06-28T12:26:52.851251-04:00] slim-app.INFO: Ticket of id `1` was viewed. [] {"uid":"584b560"}
[2022-06-28T12:30:21.554598-04:00] slim-app.INFO: Ticket of id `1` was viewed. [] {"uid":"be32615"}
[2022-06-28T12:34:06.226965-04:00] slim-app.INFO: Ticket list was viewed [] {"uid":"2c8f091"}
[2022-06-28T12:34:25.101365-04:00] slim-app.INFO: Tab list was viewed [] {"uid":"6fe6ab7"}
[2022-06-28T12:34:34.353209-04:00] slim-app.INFO: Tab list was viewed [] {"uid":"a4e8c24"}
[2022-06-28T12:35:33.968762-04:00] slim-app.INFO: Ticket list was viewed [] {"uid":"99372d9"}
[2022-06-28T12:35:41.321715-04:00] slim-app.INFO: Tab list was viewed [] {"uid":"595ebfc"}
[2022-06-28T12:35:46.088369-04:00] slim-app.INFO: Section list was viewed [] {"uid":"37aba3b"}
[2022-06-28T12:45:33.851910-04:00] slim-app.INFO: Ticket list was viewed [] {"uid":"3bdda3e"}
[2022-06-28T12:45:44.873272-04:00] slim-app.INFO: Ticket list was viewed [] {"uid":"fb9592d"}
[2022-06-28T12:45:54.642629-04:00] slim-app.INFO: Ticket of id `9` was viewed. [] {"uid":"7832d31"}
[2022-06-28T12:53:09.799861-04:00] slim-app.INFO: Ticket of id `9` was viewed. [] {"uid":"6dfc044"}
[2022-06-29T04:01:44.709247-04:00] slim-app.INFO: Tab list was viewed [] {"uid":"e16cdb0"}
[2022-06-29T04:02:32.553550-04:00] slim-app.INFO: Tab list was viewed [] {"uid":"816de0d"}
[2022-06-29T04:11:17.011902-04:00] slim-app.INFO: Item list was viewed [] {"uid":"652d3d6"}
[2022-06-29T04:11:39.439412-04:00] slim-app.INFO: New item with id `29` was created. [] {"uid":"0157d1b"}
[2022-06-29T04:12:38.364383-04:00] slim-app.INFO: New item with id `31` was created. [] {"uid":"ce090ae"}
[2022-06-29T04:15:21.413471-04:00] slim-app.INFO: New tab with id `5` was created. [] {"uid":"765075e"}
[2022-06-29T04:15:35.270087-04:00] slim-app.INFO: Tab list was viewed [] {"uid":"1c553fe"}
[2022-06-29T04:17:21.703187-04:00] slim-app.INFO: New tab with id `7` was created. [] {"uid":"8677c0c"}
[2022-06-29T04:17:39.754940-04:00] slim-app.INFO: Tab list was viewed [] {"uid":"7a345ef"}
[2022-06-29T04:23:25.836262-04:00] slim-app.INFO: Tab with id `7` was viewed. [] {"uid":"2179a52"}
[2022-06-29T04:24:28.635683-04:00] slim-app.INFO: Tab with id `7` was updated. [] {"uid":"169ea0d"}
[2022-06-29T04:24:36.126165-04:00] slim-app.INFO: Tab list was viewed [] {"uid":"f53a7dc"}
[2022-06-29T04:35:09.892516-04:00] slim-app.INFO: Item with id `13` was updated. [] {"uid":"4c48948"}
[2022-06-29T04:35:17.561052-04:00] slim-app.INFO: Item list was viewed [] {"uid":"cfd34e6"}
[2022-06-29T04:40:42.929853-04:00] slim-app.INFO: Item list was viewed [] {"uid":"f8a1eea"}
[2022-06-29T04:40:49.125566-04:00] slim-app.INFO: Item of id `13` was viewed. [] {"uid":"1672acd"}
[2022-06-29T04:40:54.782531-04:00] slim-app.INFO: Item with id `13` was updated. [] {"uid":"f0a6596"}
[2022-06-29T04:42:13.451680-04:00] slim-app.INFO: Ticket list was viewed [] {"uid":"2290041"}
[2022-06-29T04:42:26.184424-04:00] slim-app.INFO: New ticket with id `13` was created. [] {"uid":"323f4b5"}
[2022-06-29T04:42:39.348346-04:00] slim-app.INFO: Ticket of id `13` was viewed. [] {"uid":"57dbbea"}
[2022-06-29T04:44:50.864861-04:00] slim-app.INFO: Ticket list was viewed [] {"uid":"ed9c1d5"}
[2022-06-29T04:45:00.922390-04:00] slim-app.INFO: New ticket with id `17` was created. [] {"uid":"002afc4"}
[2022-06-29T04:45:20.492713-04:00] slim-app.INFO: Ticket of id `17` was viewed. [] {"uid":"24b4482"}
[2022-06-29T04:45:38.551997-04:00] slim-app.INFO: Tab with id `13` was viewed. [] {"uid":"591ed96"}
[2022-06-29T05:00:21.926074-04:00] slim-app.INFO: Item with id `13` was updated. [] {"uid":"a3de2f5"}
[2022-06-29T05:57:37.594003-04:00] slim-app.INFO: Item list was viewed [] {"uid":"ea9935e"}
[2022-06-29T06:01:23.657969-04:00] slim-app.INFO: Item list was viewed [] {"uid":"bf266cc"}
[2022-06-29T06:02:50.201494-04:00] slim-app.INFO: Item list was viewed [] {"uid":"f6ee325"}
[2022-06-29T06:04:58.992141-04:00] slim-app.INFO: Item list was viewed [] {"uid":"c5887ab"}
[2022-06-29T06:46:43.972554-04:00] slim-app.INFO: Users list was viewed. [] {"uid":"981a3b0"}
[2022-06-29T06:48:56.221210-04:00] slim-app.INFO: User of id `2` was viewed. [] {"uid":"9423c28"}
[2022-06-29T06:49:01.676999-04:00] slim-app.INFO: User of id `1` was viewed. [] {"uid":"57dbcea"}
[2022-06-29T07:02:44.337870-04:00] slim-app.INFO: New user with id `5` was created. [] {"uid":"b5b261a"}
[2022-06-29T10:16:24.385011-04:00] slim-app.INFO: Users list was viewed. [] {"uid":"3ed4da3"}
[2022-06-29T11:21:27.088371-04:00] slim-app.INFO: User of id `1` was viewed. [] {"uid":"91a81ec"}
[2022-06-29T11:31:34.144855-04:00] slim-app.INFO: Users list was viewed. [] {"uid":"aa1081d"}
[2022-06-29T12:41:21.741618-04:00] slim-app.INFO: Users list was viewed. [] {"uid":"38806d3"}
[2022-06-29T12:41:37.468503-04:00] slim-app.INFO: Users list was viewed. [] {"uid":"83bd1ac"}
[2022-06-29T12:56:16.166854-04:00] slim-app.INFO: Users list was viewed. [] {"uid":"83e394c"}
[2022-06-29T12:56:56.421824-04:00] slim-app.INFO: New user with id `7` was created. [] {"uid":"bdcc3dd"}
[2022-06-29T12:57:03.293892-04:00] slim-app.INFO: User of id `1` was viewed. [] {"uid":"618e8a7"}
[2022-06-29T12:57:11.704228-04:00] slim-app.INFO: Users list was viewed. [] {"uid":"ba4dd70"}
[2022-06-29T12:57:52.543723-04:00] slim-app.INFO: Users list was viewed. [] {"uid":"c7b36db"}
[2022-06-29T12:59:27.705340-04:00] slim-app.INFO: Item list was viewed [] {"uid":"8f032a7"}
[2022-06-29T12:59:32.330181-04:00] slim-app.INFO: Item of id `13` was viewed. [] {"uid":"1fbb1b6"}
[2022-06-29T12:59:33.309295-04:00] slim-app.INFO: Item of id `13` was viewed. [] {"uid":"b887f73"}
[2022-06-29T12:59:36.001790-04:00] slim-app.INFO: Item list was viewed [] {"uid":"c90a7cf"}
[2022-06-30T04:20:48.498864-04:00] slim-app.INFO: Item list was viewed [] {"uid":"2ff91bb"}
[2022-06-30T04:24:46.594995-04:00] slim-app.INFO: Item status with id `1` was viewed. [] {"uid":"f7845c6"}
[2022-06-30T04:27:32.530317-04:00] slim-app.INFO: Item of id `5` was viewed. [] {"uid":"527c5c7"}
[2022-06-30T05:06:35.955018-04:00] slim-app.INFO: Item of id `13` was viewed. [] {"uid":"87f9ca0"}
[2022-06-30T06:09:50.452065-04:00] slim-app.INFO: Item list was viewed [] {"uid":"5e7e5b4"}
[2022-06-30T06:37:53.639112-04:00] slim-app.INFO: Item with id `13` was updated. [] {"uid":"4564427"}
[2022-06-30T06:37:58.797481-04:00] slim-app.INFO: Item with id `13` was updated. [] {"uid":"013b208"}
[2022-06-30T06:38:06.795157-04:00] slim-app.INFO: Item with id `13` was updated. [] {"uid":"e09806d"}
[2022-06-30T06:38:17.843299-04:00] slim-app.INFO: Item of id `13` was viewed. [] {"uid":"bcf58ac"}
[2022-06-30T06:38:25.760007-04:00] slim-app.INFO: Item with id `13` was updated. [] {"uid":"a03a730"}
[2022-06-30T06:38:29.733473-04:00] slim-app.INFO: Item list was viewed [] {"uid":"0e0182d"}
[2022-06-30T06:38:33.481936-04:00] slim-app.INFO: Item of id `13` was viewed. [] {"uid":"c698944"}
[2022-06-30T06:39:24.386569-04:00] slim-app.INFO: Item of id `13` was viewed. [] {"uid":"3a9d59f"}
[2022-06-30T06:39:43.391115-04:00] slim-app.INFO: Item with id `13` was updated. [] {"uid":"a97f9ef"}
[2022-06-30T06:39:46.363036-04:00] slim-app.INFO: Item of id `13` was viewed. [] {"uid":"ed61274"}
[2022-06-30T06:45:57.766228-04:00] slim-app.INFO: Item of id `13` was viewed. [] {"uid":"2f95c67"}
[2022-06-30T06:46:06.877078-04:00] slim-app.INFO: Item with id `13` was updated. [] {"uid":"afb4c61"}
[2022-06-30T06:46:09.721822-04:00] slim-app.INFO: Item of id `13` was viewed. [] {"uid":"2deb45a"}
[2022-06-30T06:46:19.779201-04:00] slim-app.INFO: Item with id `13` was updated. [] {"uid":"24c19bf"}
[2022-06-30T06:46:22.564089-04:00] slim-app.INFO: Item of id `13` was viewed. [] {"uid":"69cd551"}
[2022-06-30T09:53:03.236192-04:00] slim-app.INFO: Users list was viewed. [] {"uid":"436a0cb"}
[2022-06-30T09:53:18.669832-04:00] slim-app.INFO: New user with id `9` was created. [] {"uid":"d07b813"}
[2022-06-30T09:53:36.454450-04:00] slim-app.INFO: Users list was viewed. [] {"uid":"ac8ec1a"}
[2022-06-30T09:53:47.484806-04:00] slim-app.INFO: New user with id `11` was created. [] {"uid":"9e54941"}
[2022-06-30T09:53:53.351359-04:00] slim-app.INFO: Users list was viewed. [] {"uid":"93c828d"}
[2022-06-30T09:55:02.148154-04:00] slim-app.INFO: User with id `11 deleted successfully`. [] {"uid":"d32e5fb"}
[2022-06-30T09:55:06.147625-04:00] slim-app.INFO: Users list was viewed. [] {"uid":"471bbb8"}
[2022-06-30T10:04:36.551285-04:00] slim-app.INFO: New user with id `13` was created. [] {"uid":"cc431dd"}
[2022-06-30T10:04:40.356170-04:00] slim-app.INFO: Users list was viewed. [] {"uid":"ce60dbe"}
[2022-06-30T10:04:49.598300-04:00] slim-app.INFO: User with id `13 deleted successfully`. [] {"uid":"f64a552"}
[2022-06-30T10:06:50.479004-04:00] slim-app.INFO: New user with id `15` was created. [] {"uid":"7144d32"}
[2022-06-30T10:06:55.719281-04:00] slim-app.INFO: Users list was viewed. [] {"uid":"077a16d"}
[2022-06-30T10:07:03.211553-04:00] slim-app.INFO: User with id `15 deleted successfully`. [] {"uid":"0a96f1c"}
[2022-06-30T10:07:05.942517-04:00] slim-app.INFO: Users list was viewed. [] {"uid":"81a8e69"}
[2022-06-30T10:10:24.647575-04:00] slim-app.INFO: New user with id `17` was created. [] {"uid":"f1ec957"}
[2022-06-30T10:10:28.458464-04:00] slim-app.INFO: Users list was viewed. [] {"uid":"b2ccf5e"}
[2022-06-30T10:10:36.925771-04:00] slim-app.INFO: User with id `17 deleted successfully`. [] {"uid":"9c256f7"}
[2022-06-30T10:13:16.992027-04:00] slim-app.INFO: Users list was viewed. [] {"uid":"7374f14"}
[2022-06-30T11:06:02.720039-04:00] slim-app.INFO: Item list was viewed [] {"uid":"1d6b216"}
[2022-06-30T11:31:42.711711-04:00] slim-app.INFO: Ticket list was viewed [] {"uid":"f294b27"}
[2022-06-30T11:32:51.452732-04:00] slim-app.INFO: Ticket list was viewed [] {"uid":"850bd77"}
[2022-06-30T11:33:01.933070-04:00] slim-app.INFO: Tab list was viewed [] {"uid":"ffff7cf"}
[2022-06-30T11:33:16.811159-04:00] slim-app.INFO: Section list was viewed [] {"uid":"a4497ee"}
